{"total": {"lines":{"total":865,"covered":316,"skipped":0,"pct":36.53},"statements":{"total":989,"covered":337,"skipped":0,"pct":34.07},"functions":{"total":261,"covered":92,"skipped":0,"pct":35.24},"branches":{"total":506,"covered":142,"skipped":0,"pct":28.06},"branchesTrue":{"total":0,"covered":0,"skipped":0,"pct":100}}
,"/Users/dave/workspace/ultratable/apps/service/src/db/index.ts": {"lines":{"total":7,"covered":6,"skipped":0,"pct":85.71},"functions":{"total":0,"covered":0,"skipped":0,"pct":100},"statements":{"total":7,"covered":6,"skipped":0,"pct":85.71},"branches":{"total":10,"covered":6,"skipped":0,"pct":60}}
,"/Users/dave/workspace/ultratable/apps/service/src/db/migrate.ts": {"lines":{"total":15,"covered":0,"skipped":0,"pct":0},"functions":{"total":2,"covered":0,"skipped":0,"pct":0},"statements":{"total":15,"covered":0,"skipped":0,"pct":0},"branches":{"total":2,"covered":0,"skipped":0,"pct":0}}
,"/Users/dave/workspace/ultratable/apps/service/src/integrations/types.ts": {"lines":{"total":0,"covered":0,"skipped":0,"pct":0},"functions":{"total":0,"covered":0,"skipped":0,"pct":0},"statements":{"total":0,"covered":0,"skipped":0,"pct":0},"branches":{"total":0,"covered":0,"skipped":0,"pct":0}}
,"/Users/dave/workspace/ultratable/apps/service/src/integrations/api-football/index.ts": {"lines":{"total":50,"covered":11,"skipped":0,"pct":22},"functions":{"total":23,"covered":6,"skipped":0,"pct":26.08},"statements":{"total":62,"covered":14,"skipped":0,"pct":22.58},"branches":{"total":10,"covered":2,"skipped":0,"pct":20}}
,"/Users/dave/workspace/ultratable/apps/service/src/integrations/api-football/normalizer.ts": {"lines":{"total":35,"covered":35,"skipped":0,"pct":100},"functions":{"total":10,"covered":10,"skipped":0,"pct":100},"statements":{"total":38,"covered":38,"skipped":0,"pct":100},"branches":{"total":55,"covered":51,"skipped":0,"pct":92.72}}
,"/Users/dave/workspace/ultratable/apps/service/src/providers/storage.provider.ts": {"lines":{"total":0,"covered":0,"skipped":0,"pct":0},"functions":{"total":0,"covered":0,"skipped":0,"pct":0},"statements":{"total":0,"covered":0,"skipped":0,"pct":0},"branches":{"total":0,"covered":0,"skipped":0,"pct":0}}
,"/Users/dave/workspace/ultratable/apps/service/src/providers/supabase-storage.provider.ts": {"lines":{"total":23,"covered":6,"skipped":0,"pct":26.08},"functions":{"total":7,"covered":1,"skipped":0,"pct":14.28},"statements":{"total":25,"covered":6,"skipped":0,"pct":24},"branches":{"total":13,"covered":3,"skipped":0,"pct":23.07}}
,"/Users/dave/workspace/ultratable/apps/service/src/repositories/interfaces.ts": {"lines":{"total":0,"covered":0,"skipped":0,"pct":0},"functions":{"total":0,"covered":0,"skipped":0,"pct":0},"statements":{"total":0,"covered":0,"skipped":0,"pct":0},"branches":{"total":0,"covered":0,"skipped":0,"pct":0}}
,"/Users/dave/workspace/ultratable/apps/service/src/repositories/supabase.repository.ts": {"lines":{"total":304,"covered":82,"skipped":0,"pct":26.97},"functions":{"total":73,"covered":23,"skipped":0,"pct":31.5},"statements":{"total":371,"covered":92,"skipped":0,"pct":24.79},"branches":{"total":216,"covered":38,"skipped":0,"pct":17.59}}
,"/Users/dave/workspace/ultratable/apps/service/src/schema/builder.ts": {"lines":{"total":15,"covered":10,"skipped":0,"pct":66.66},"functions":{"total":4,"covered":2,"skipped":0,"pct":50},"statements":{"total":15,"covered":10,"skipped":0,"pct":66.66},"branches":{"total":6,"covered":2,"skipped":0,"pct":33.33}}
,"/Users/dave/workspace/ultratable/apps/service/src/schema/catalog.ts": {"lines":{"total":26,"covered":0,"skipped":0,"pct":0},"functions":{"total":16,"covered":0,"skipped":0,"pct":0},"statements":{"total":28,"covered":0,"skipped":0,"pct":0},"branches":{"total":6,"covered":0,"skipped":0,"pct":0}}
,"/Users/dave/workspace/ultratable/apps/service/src/schema/config.ts": {"lines":{"total":15,"covered":0,"skipped":0,"pct":0},"functions":{"total":9,"covered":0,"skipped":0,"pct":0},"statements":{"total":15,"covered":0,"skipped":0,"pct":0},"branches":{"total":0,"covered":0,"skipped":0,"pct":100}}
,"/Users/dave/workspace/ultratable/apps/service/src/schema/football.ts": {"lines":{"total":168,"covered":75,"skipped":0,"pct":44.64},"functions":{"total":74,"covered":33,"skipped":0,"pct":44.59},"statements":{"total":192,"covered":76,"skipped":0,"pct":39.58},"branches":{"total":78,"covered":5,"skipped":0,"pct":6.41}}
,"/Users/dave/workspace/ultratable/apps/service/src/schema/graphics.ts": {"lines":{"total":12,"covered":0,"skipped":0,"pct":0},"functions":{"total":7,"covered":0,"skipped":0,"pct":0},"statements":{"total":14,"covered":0,"skipped":0,"pct":0},"branches":{"total":2,"covered":0,"skipped":0,"pct":0}}
,"/Users/dave/workspace/ultratable/apps/service/src/schema/workers.ts": {"lines":{"total":33,"covered":0,"skipped":0,"pct":0},"functions":{"total":12,"covered":0,"skipped":0,"pct":0},"statements":{"total":33,"covered":0,"skipped":0,"pct":0},"branches":{"total":10,"covered":0,"skipped":0,"pct":0}}
,"/Users/dave/workspace/ultratable/apps/service/src/services/auth.service.ts": {"lines":{"total":28,"covered":21,"skipped":0,"pct":75},"functions":{"total":5,"covered":3,"skipped":0,"pct":60},"statements":{"total":29,"covered":21,"skipped":0,"pct":72.41},"branches":{"total":18,"covered":14,"skipped":0,"pct":77.77}}
,"/Users/dave/workspace/ultratable/apps/service/src/services/gfx.service.ts": {"lines":{"total":18,"covered":15,"skipped":0,"pct":83.33},"functions":{"total":1,"covered":1,"skipped":0,"pct":100},"statements":{"total":19,"covered":15,"skipped":0,"pct":78.94},"branches":{"total":17,"covered":12,"skipped":0,"pct":70.58}}
,"/Users/dave/workspace/ultratable/apps/service/src/services/graphics.service.ts": {"lines":{"total":35,"covered":16,"skipped":0,"pct":45.71},"functions":{"total":3,"covered":2,"skipped":0,"pct":66.66},"statements":{"total":40,"covered":17,"skipped":0,"pct":42.5},"branches":{"total":24,"covered":3,"skipped":0,"pct":12.5}}
,"/Users/dave/workspace/ultratable/apps/service/src/services/log.service.ts": {"lines":{"total":32,"covered":14,"skipped":0,"pct":43.75},"functions":{"total":7,"covered":5,"skipped":0,"pct":71.42},"statements":{"total":35,"covered":15,"skipped":0,"pct":42.85},"branches":{"total":16,"covered":6,"skipped":0,"pct":37.5}}
,"/Users/dave/workspace/ultratable/apps/service/src/utils/idUtils.ts": {"lines":{"total":25,"covered":25,"skipped":0,"pct":100},"functions":{"total":6,"covered":6,"skipped":0,"pct":100},"statements":{"total":27,"covered":27,"skipped":0,"pct":100},"branches":{"total":0,"covered":0,"skipped":0,"pct":100}}
,"/Users/dave/workspace/ultratable/apps/service/src/workers/runner.ts": {"lines":{"total":24,"covered":0,"skipped":0,"pct":0},"functions":{"total":2,"covered":0,"skipped":0,"pct":0},"statements":{"total":24,"covered":0,"skipped":0,"pct":0},"branches":{"total":23,"covered":0,"skipped":0,"pct":0}}
}
