{"total": {"lines":{"total":810,"covered":419,"skipped":0,"pct":51.72},"statements":{"total":949,"covered":462,"skipped":0,"pct":48.68},"functions":{"total":224,"covered":118,"skipped":0,"pct":52.67},"branches":{"total":577,"covered":241,"skipped":0,"pct":41.76},"branchesTrue":{"total":0,"covered":0,"skipped":0,"pct":100}}
,"/Users/dave/workspace/ultratable/apps/admin/src/utils.ts": {"lines":{"total":1,"covered":1,"skipped":0,"pct":100},"functions":{"total":1,"covered":1,"skipped":0,"pct":100},"statements":{"total":1,"covered":1,"skipped":0,"pct":100},"branches":{"total":0,"covered":0,"skipped":0,"pct":100}}
,"/Users/dave/workspace/ultratable/apps/admin/src/components/StatCard.tsx": {"lines":{"total":2,"covered":2,"skipped":0,"pct":100},"functions":{"total":1,"covered":1,"skipped":0,"pct":100},"statements":{"total":2,"covered":2,"skipped":0,"pct":100},"branches":{"total":8,"covered":7,"skipped":0,"pct":87.5}}
,"/Users/dave/workspace/ultratable/apps/service/src/integrations/api-football/normalizer.ts": {"lines":{"total":35,"covered":35,"skipped":0,"pct":100},"functions":{"total":10,"covered":10,"skipped":0,"pct":100},"statements":{"total":38,"covered":38,"skipped":0,"pct":100},"branches":{"total":55,"covered":51,"skipped":0,"pct":92.72}}
,"/Users/dave/workspace/ultratable/apps/service/src/providers/supabase-storage.provider.ts": {"lines":{"total":23,"covered":6,"skipped":0,"pct":26.08},"functions":{"total":7,"covered":1,"skipped":0,"pct":14.28},"statements":{"total":25,"covered":6,"skipped":0,"pct":24},"branches":{"total":13,"covered":3,"skipped":0,"pct":23.07}}
,"/Users/dave/workspace/ultratable/apps/service/src/repositories/supabase.repository.ts": {"lines":{"total":304,"covered":82,"skipped":0,"pct":26.97},"functions":{"total":73,"covered":23,"skipped":0,"pct":31.5},"statements":{"total":371,"covered":92,"skipped":0,"pct":24.79},"branches":{"total":216,"covered":38,"skipped":0,"pct":17.59}}
,"/Users/dave/workspace/ultratable/apps/service/src/schema/builder.ts": {"lines":{"total":15,"covered":10,"skipped":0,"pct":66.66},"functions":{"total":4,"covered":2,"skipped":0,"pct":50},"statements":{"total":15,"covered":10,"skipped":0,"pct":66.66},"branches":{"total":6,"covered":2,"skipped":0,"pct":33.33}}
,"/Users/dave/workspace/ultratable/apps/service/src/schema/football.ts": {"lines":{"total":168,"covered":75,"skipped":0,"pct":44.64},"functions":{"total":74,"covered":33,"skipped":0,"pct":44.59},"statements":{"total":192,"covered":76,"skipped":0,"pct":39.58},"branches":{"total":78,"covered":5,"skipped":0,"pct":6.41}}
,"/Users/dave/workspace/ultratable/apps/service/src/services/auth.service.ts": {"lines":{"total":28,"covered":21,"skipped":0,"pct":75},"functions":{"total":5,"covered":3,"skipped":0,"pct":60},"statements":{"total":29,"covered":21,"skipped":0,"pct":72.41},"branches":{"total":18,"covered":14,"skipped":0,"pct":77.77}}
,"/Users/dave/workspace/ultratable/apps/service/src/services/gfx.service.ts": {"lines":{"total":18,"covered":15,"skipped":0,"pct":83.33},"functions":{"total":1,"covered":1,"skipped":0,"pct":100},"statements":{"total":19,"covered":15,"skipped":0,"pct":78.94},"branches":{"total":17,"covered":12,"skipped":0,"pct":70.58}}
,"/Users/dave/workspace/ultratable/apps/service/src/services/graphics.service.ts": {"lines":{"total":35,"covered":16,"skipped":0,"pct":45.71},"functions":{"total":3,"covered":2,"skipped":0,"pct":66.66},"statements":{"total":40,"covered":17,"skipped":0,"pct":42.5},"branches":{"total":24,"covered":3,"skipped":0,"pct":12.5}}
,"/Users/dave/workspace/ultratable/apps/service/src/services/log.service.ts": {"lines":{"total":32,"covered":14,"skipped":0,"pct":43.75},"functions":{"total":7,"covered":5,"skipped":0,"pct":71.42},"statements":{"total":35,"covered":15,"skipped":0,"pct":42.85},"branches":{"total":16,"covered":6,"skipped":0,"pct":37.5}}
,"/Users/dave/workspace/ultratable/apps/service/src/utils/idUtils.ts": {"lines":{"total":25,"covered":25,"skipped":0,"pct":100},"functions":{"total":6,"covered":6,"skipped":0,"pct":100},"statements":{"total":27,"covered":27,"skipped":0,"pct":100},"branches":{"total":0,"covered":0,"skipped":0,"pct":100}}
,"/Users/dave/workspace/ultratable/apps/web/src/hooks/useDeltaSync.ts": {"lines":{"total":29,"covered":25,"skipped":0,"pct":86.2},"functions":{"total":7,"covered":5,"skipped":0,"pct":71.42},"statements":{"total":33,"covered":26,"skipped":0,"pct":78.78},"branches":{"total":28,"covered":14,"skipped":0,"pct":50}}
,"/Users/dave/workspace/ultratable/apps/web/src/logic/dataCompiler.ts": {"lines":{"total":64,"covered":64,"skipped":0,"pct":100},"functions":{"total":16,"covered":16,"skipped":0,"pct":100},"statements":{"total":86,"covered":84,"skipped":0,"pct":97.67},"branches":{"total":76,"covered":68,"skipped":0,"pct":89.47}}
,"/Users/dave/workspace/ultratable/apps/web/src/logic/formulas.ts": {"lines":{"total":31,"covered":28,"skipped":0,"pct":90.32},"functions":{"total":9,"covered":9,"skipped":0,"pct":100},"statements":{"total":36,"covered":32,"skipped":0,"pct":88.88},"branches":{"total":22,"covered":18,"skipped":0,"pct":81.81}}
}
