TN:
SF:apps/admin/src/utils.ts
FN:4,cn
FNF:1
FNH:1
FNDA:13,cn
DA:5,13
LF:1
LH:1
BRF:0
BRH:0
end_of_record
TN:
SF:apps/admin/src/components/StatCard.tsx
FN:12,(anonymous_0)
FNF:1
FNH:1
FNDA:3,(anonymous_0)
DA:12,1
DA:13,3
LF:2
LH:2
BRDA:16,0,0,1
BRDA:16,0,1,2
BRDA:23,1,0,1
BRDA:23,1,1,2
BRDA:25,2,0,3
BRDA:25,2,1,0
BRDA:32,3,0,1
BRDA:32,3,1,2
BRF:8
BRH:7
end_of_record
TN:
SF:apps/service/src/integrations/api-football/normalizer.ts
FN:13,(anonymous_0)
FN:28,(anonymous_1)
FN:44,(anonymous_2)
FN:58,(anonymous_3)
FN:70,(anonymous_4)
FN:96,(anonymous_5)
FN:113,(anonymous_6)
FN:131,(anonymous_7)
FN:142,(anonymous_8)
FN:154,(anonymous_9)
FNF:10
FNH:10
FNDA:3,(anonymous_0)
FNDA:3,(anonymous_1)
FNDA:3,(anonymous_2)
FNDA:3,(anonymous_3)
FNDA:3,(anonymous_4)
FNDA:3,(anonymous_5)
FNDA:3,(anonymous_6)
FNDA:3,(anonymous_7)
FNDA:2,(anonymous_8)
FNDA:1,(anonymous_9)
DA:14,6
DA:15,6
DA:16,6
DA:18,6
DA:29,3
DA:30,3
DA:31,3
DA:33,3
DA:45,3
DA:46,3
DA:47,3
DA:59,1
DA:60,1
DA:61,1
DA:71,15
DA:72,15
DA:73,15
DA:74,15
DA:76,15
DA:77,15
DA:78,15
DA:79,5
DA:80,3
DA:82,15
DA:97,2
DA:98,2
DA:114,1
DA:115,1
DA:116,1
DA:132,2
DA:133,2
DA:134,2
DA:135,2
DA:142,2
DA:154,1
LF:35
LH:35
BRDA:13,0,0,6
BRDA:15,1,0,6
BRDA:15,1,1,0
BRDA:16,2,0,2
BRDA:16,2,1,4
BRDA:16,3,0,6
BRDA:16,3,1,2
BRDA:16,4,0,4
BRDA:16,4,1,3
BRDA:28,5,0,3
BRDA:30,6,0,3
BRDA:30,6,1,0
BRDA:31,7,0,3
BRDA:31,7,1,1
BRDA:38,8,0,3
BRDA:38,8,1,1
BRDA:44,9,0,3
BRDA:46,10,0,3
BRDA:46,10,1,0
BRDA:49,11,0,3
BRDA:49,11,1,2
BRDA:50,12,0,3
BRDA:50,12,1,2
BRDA:51,13,0,3
BRDA:51,13,1,2
BRDA:52,14,0,3
BRDA:52,14,1,2
BRDA:58,15,0,1
BRDA:65,16,0,1
BRDA:65,16,1,0
BRDA:70,17,0,15
BRDA:78,18,0,6
BRDA:78,18,1,9
BRDA:78,19,0,5
BRDA:78,19,1,4
BRDA:79,20,0,3
BRDA:79,20,1,1
BRDA:89,21,0,15
BRDA:89,21,1,1
BRDA:92,22,0,15
BRDA:92,22,1,1
BRDA:92,23,0,15
BRDA:92,23,1,1
BRDA:103,24,0,2
BRDA:103,24,1,1
BRDA:104,25,0,2
BRDA:104,25,1,1
BRDA:140,26,0,2
BRDA:140,26,1,1
BRDA:141,27,0,2
BRDA:141,27,1,1
BRDA:142,28,0,2
BRDA:142,28,1,1
BRDA:154,29,0,2
BRDA:154,29,1,1
BRF:55
BRH:51
end_of_record
TN:
SF:apps/service/src/providers/supabase-storage.provider.ts
FN:11,(anonymous_0)
FN:23,(anonymous_1)
FN:39,(anonymous_2)
FN:44,(anonymous_3)
FN:59,(anonymous_4)
FN:59,(anonymous_5)
FN:62,(anonymous_6)
FNF:7
FNH:1
FNDA:3,(anonymous_0)
FNDA:0,(anonymous_1)
FNDA:0,(anonymous_2)
FNDA:0,(anonymous_3)
FNDA:0,(anonymous_4)
FNDA:0,(anonymous_5)
FNDA:0,(anonymous_6)
DA:6,3
DA:12,3
DA:13,3
DA:15,3
DA:16,0
DA:20,3
DA:24,0
DA:31,0
DA:32,0
DA:33,0
DA:36,0
DA:40,0
DA:41,0
DA:45,0
DA:53,0
DA:54,0
DA:55,0
DA:59,0
DA:63,0
DA:64,0
DA:65,0
DA:66,0
DA:71,3
LF:23
LH:6
BRDA:15,0,0,0
BRDA:15,0,1,3
BRDA:15,1,0,3
BRDA:15,1,1,3
BRDA:23,2,0,0
BRDA:31,3,0,0
BRDA:31,3,1,0
BRDA:53,4,0,0
BRDA:53,4,1,0
BRDA:59,5,0,0
BRDA:59,5,1,0
BRDA:64,6,0,0
BRDA:64,6,1,0
BRF:13
BRH:3
end_of_record
TN:
SF:apps/service/src/repositories/supabase.repository.ts
FN:15,(anonymous_0)
FN:26,(anonymous_1)
FN:37,(anonymous_2)
FN:44,(anonymous_3)
FN:50,(anonymous_4)
FN:54,(anonymous_5)
FN:60,(anonymous_6)
FN:67,(anonymous_7)
FN:74,(anonymous_8)
FN:90,(anonymous_9)
FN:103,(anonymous_10)
FN:110,(anonymous_11)
FN:124,(anonymous_12)
FN:135,(anonymous_13)
FN:141,(anonymous_14)
FN:148,(anonymous_15)
FN:167,(anonymous_16)
FN:170,(anonymous_17)
FN:198,(anonymous_18)
FN:202,(anonymous_19)
FN:202,(anonymous_20)
FN:203,(anonymous_21)
FN:203,(anonymous_22)
FN:209,(anonymous_23)
FN:217,(anonymous_24)
FN:228,(anonymous_25)
FN:235,(anonymous_26)
FN:271,(anonymous_27)
FN:274,(anonymous_28)
FN:281,(anonymous_29)
FN:282,(anonymous_30)
FN:303,(anonymous_31)
FN:311,(anonymous_32)
FN:330,(anonymous_33)
FN:368,(anonymous_34)
FN:372,(anonymous_35)
FN:374,(anonymous_36)
FN:441,(anonymous_37)
FN:482,(anonymous_38)
FN:490,(anonymous_39)
FN:493,(anonymous_40)
FN:495,(anonymous_41)
FN:570,(anonymous_42)
FN:574,(anonymous_43)
FN:596,(anonymous_44)
FN:605,(anonymous_45)
FN:607,(anonymous_46)
FN:641,(anonymous_47)
FN:646,(anonymous_48)
FN:659,(anonymous_49)
FN:678,(anonymous_50)
FN:705,(anonymous_51)
FN:713,(anonymous_52)
FN:732,(anonymous_53)
FN:741,(anonymous_54)
FN:752,(anonymous_55)
FN:770,(anonymous_56)
FN:776,(anonymous_57)
FN:793,(anonymous_58)
FN:798,(anonymous_59)
FN:799,(anonymous_60)
FN:808,(anonymous_61)
FN:820,(anonymous_62)
FN:835,(anonymous_63)
FN:837,(anonymous_64)
FN:846,(anonymous_65)
FN:849,(anonymous_66)
FN:853,(anonymous_67)
FN:874,(anonymous_68)
FN:888,(anonymous_69)
FN:889,(anonymous_70)
FN:900,(anonymous_71)
FN:932,(anonymous_72)
FNF:73
FNH:23
FNDA:2,(anonymous_0)
FNDA:2,(anonymous_1)
FNDA:2,(anonymous_2)
FNDA:1,(anonymous_3)
FNDA:0,(anonymous_4)
FNDA:1,(anonymous_5)
FNDA:2,(anonymous_6)
FNDA:0,(anonymous_7)
FNDA:0,(anonymous_8)
FNDA:5,(anonymous_9)
FNDA:2,(anonymous_10)
FNDA:1,(anonymous_11)
FNDA:0,(anonymous_12)
FNDA:0,(anonymous_13)
FNDA:0,(anonymous_14)
FNDA:1,(anonymous_15)
FNDA:1,(anonymous_16)
FNDA:1,(anonymous_17)
FNDA:1,(anonymous_18)
FNDA:1,(anonymous_19)
FNDA:1,(anonymous_20)
FNDA:1,(anonymous_21)
FNDA:1,(anonymous_22)
FNDA:2,(anonymous_23)
FNDA:0,(anonymous_24)
FNDA:0,(anonymous_25)
FNDA:1,(anonymous_26)
FNDA:1,(anonymous_27)
FNDA:1,(anonymous_28)
FNDA:1,(anonymous_29)
FNDA:1,(anonymous_30)
FNDA:0,(anonymous_31)
FNDA:0,(anonymous_32)
FNDA:0,(anonymous_33)
FNDA:0,(anonymous_34)
FNDA:0,(anonymous_35)
FNDA:0,(anonymous_36)
FNDA:0,(anonymous_37)
FNDA:0,(anonymous_38)
FNDA:0,(anonymous_39)
FNDA:0,(anonymous_40)
FNDA:0,(anonymous_41)
FNDA:0,(anonymous_42)
FNDA:0,(anonymous_43)
FNDA:0,(anonymous_44)
FNDA:0,(anonymous_45)
FNDA:0,(anonymous_46)
FNDA:0,(anonymous_47)
FNDA:0,(anonymous_48)
FNDA:0,(anonymous_49)
FNDA:0,(anonymous_50)
FNDA:0,(anonymous_51)
FNDA:0,(anonymous_52)
FNDA:0,(anonymous_53)
FNDA:0,(anonymous_54)
FNDA:0,(anonymous_55)
FNDA:0,(anonymous_56)
FNDA:0,(anonymous_57)
FNDA:0,(anonymous_58)
FNDA:0,(anonymous_59)
FNDA:0,(anonymous_60)
FNDA:0,(anonymous_61)
FNDA:0,(anonymous_62)
FNDA:0,(anonymous_63)
FNDA:0,(anonymous_64)
FNDA:0,(anonymous_65)
FNDA:0,(anonymous_66)
FNDA:0,(anonymous_67)
FNDA:0,(anonymous_68)
FNDA:0,(anonymous_69)
FNDA:0,(anonymous_70)
FNDA:0,(anonymous_71)
FNDA:0,(anonymous_72)
DA:16,2
DA:17,2
DA:18,2
DA:19,2
DA:24,2
DA:25,2
DA:26,2
DA:27,2
DA:28,1
DA:30,1
DA:34,2
DA:38,2
DA:39,2
DA:40,1
DA:41,2
DA:45,1
DA:46,1
DA:47,1
DA:51,0
DA:55,1
DA:56,1
DA:57,1
DA:61,2
DA:62,2
DA:63,2
DA:64,0
DA:68,0
DA:69,0
DA:70,0
DA:71,0
DA:75,0
DA:76,0
DA:80,0
DA:81,0
DA:85,2
DA:91,5
DA:92,0
DA:94,5
DA:95,5
DA:96,0
DA:98,5
DA:104,2
DA:105,2
DA:106,2
DA:108,1
DA:110,1
DA:120,1
DA:121,1
DA:125,0
DA:126,0
DA:127,0
DA:128,0
DA:129,0
DA:130,0
DA:132,0
DA:136,0
DA:137,0
DA:140,5
DA:142,0
DA:143,0
DA:144,0
DA:145,0
DA:149,1
DA:152,1
DA:153,1
DA:155,1
DA:157,1
DA:160,1
DA:163,1
DA:166,1
DA:167,1
DA:170,1
DA:182,1
DA:197,1
DA:198,1
DA:201,1
DA:202,1
DA:203,1
DA:205,1
DA:206,1
DA:207,1
DA:209,2
DA:210,1
DA:213,1
DA:214,1
DA:215,1
DA:216,1
DA:217,1
DA:218,0
DA:224,1
DA:225,1
DA:226,0
DA:227,0
DA:228,0
DA:229,0
DA:235,1
DA:236,1
DA:237,1
DA:238,1
DA:245,1
DA:246,1
DA:255,1
DA:260,1
DA:261,0
DA:270,1
DA:271,1
DA:275,1
DA:278,1
DA:281,1
DA:282,1
DA:286,1
DA:288,1
DA:304,0
DA:306,0
DA:307,0
DA:309,0
DA:311,0
DA:319,0
DA:320,0
DA:321,0
DA:331,0
DA:332,0
DA:335,0
DA:336,0
DA:338,0
DA:341,0
DA:343,0
DA:351,0
DA:354,0
DA:357,0
DA:358,0
DA:361,0
DA:362,0
DA:365,0
DA:367,0
DA:368,0
DA:371,0
DA:372,0
DA:374,0
DA:375,0
DA:376,0
DA:378,0
DA:380,0
DA:400,0
DA:401,0
DA:402,0
DA:404,0
DA:405,0
DA:406,0
DA:419,0
DA:420,0
DA:421,0
DA:426,0
DA:427,0
DA:430,0
DA:431,0
DA:442,0
DA:444,0
DA:452,0
DA:455,0
DA:456,0
DA:458,0
DA:460,0
DA:461,0
DA:465,0
DA:467,0
DA:472,0
DA:480,0
DA:481,0
DA:482,0
DA:483,0
DA:486,0
DA:488,0
DA:489,0
DA:490,0
DA:492,0
DA:493,0
DA:495,0
DA:496,0
DA:497,0
DA:498,0
DA:499,0
DA:516,0
DA:517,0
DA:532,0
DA:533,0
DA:537,0
DA:544,0
DA:547,0
DA:548,0
DA:557,0
DA:559,0
DA:560,0
DA:566,0
DA:571,0
DA:572,0
DA:574,0
DA:582,0
DA:590,0
DA:597,0
DA:600,0
DA:602,0
DA:604,0
DA:605,0
DA:607,0
DA:608,0
DA:609,0
DA:611,0
DA:623,0
DA:624,0
DA:625,0
DA:635,0
DA:642,0
DA:643,0
DA:647,0
DA:648,0
DA:649,0
DA:650,0
DA:653,0
DA:654,0
DA:656,0
DA:660,0
DA:662,0
DA:663,0
DA:665,0
DA:667,0
DA:675,0
DA:679,0
DA:681,0
DA:682,0
DA:684,0
DA:690,0
DA:704,0
DA:705,0
DA:706,0
DA:710,0
DA:714,0
DA:717,0
DA:718,0
DA:720,0
DA:729,0
DA:733,0
DA:734,0
DA:738,0
DA:742,0
DA:744,0
DA:745,0
DA:747,0
DA:748,0
DA:753,0
DA:754,0
DA:766,0
DA:771,0
DA:772,0
DA:777,0
DA:778,0
DA:790,0
DA:794,0
DA:797,0
DA:798,0
DA:799,0
DA:801,0
DA:802,0
DA:808,0
DA:810,0
DA:811,0
DA:812,0
DA:817,0
DA:821,0
DA:824,0
DA:825,0
DA:826,0
DA:827,0
DA:831,0
DA:834,0
DA:835,0
DA:837,0
DA:840,0
DA:846,0
DA:849,0
DA:851,0
DA:852,0
DA:853,0
DA:870,0
DA:874,0
DA:876,0
DA:877,0
DA:882,0
DA:883,0
DA:884,0
DA:885,0
DA:886,0
DA:888,0
DA:889,0
DA:890,0
DA:897,0
DA:901,0
DA:902,0
DA:905,0
DA:931,0
DA:932,0
DA:933,0
DA:937,0
DA:947,2
LF:304
LH:82
BRDA:27,0,0,1
BRDA:27,0,1,1
BRDA:39,1,0,1
BRDA:39,1,1,1
BRDA:39,2,0,2
BRDA:39,2,1,1
BRDA:40,3,0,1
BRDA:40,3,1,0
BRDA:46,4,0,0
BRDA:46,4,1,1
BRDA:46,5,0,1
BRDA:46,5,1,1
BRDA:51,6,0,0
BRDA:51,6,1,0
BRDA:56,7,0,0
BRDA:56,7,1,1
BRDA:56,8,0,1
BRDA:56,8,1,1
BRDA:91,9,0,0
BRDA:91,9,1,5
BRDA:94,10,0,5
BRDA:94,10,1,0
BRDA:95,11,0,0
BRDA:95,11,1,5
BRDA:104,12,0,0
BRDA:104,12,1,2
BRDA:106,13,0,1
BRDA:106,13,1,1
BRDA:125,14,0,0
BRDA:125,14,1,0
BRDA:127,15,0,0
BRDA:127,15,1,0
BRDA:129,16,0,0
BRDA:129,16,1,0
BRDA:136,17,0,0
BRDA:136,17,1,0
BRDA:142,18,0,0
BRDA:142,18,1,0
BRDA:143,19,0,0
BRDA:143,19,1,0
BRDA:149,20,0,0
BRDA:149,20,1,1
BRDA:153,21,0,0
BRDA:153,21,1,1
BRDA:157,22,0,0
BRDA:157,22,1,1
BRDA:175,23,0,1
BRDA:175,23,1,0
BRDA:206,24,0,1
BRDA:206,24,1,0
BRDA:214,25,0,1
BRDA:214,25,1,0
BRDA:216,26,0,1
BRDA:216,26,1,0
BRDA:216,27,0,1
BRDA:216,27,1,1
BRDA:225,28,0,0
BRDA:225,28,1,1
BRDA:227,29,0,0
BRDA:227,29,1,0
BRDA:227,30,0,0
BRDA:227,30,1,0
BRDA:237,31,0,0
BRDA:237,31,1,1
BRDA:245,32,0,1
BRDA:245,32,1,0
BRDA:260,33,0,0
BRDA:260,33,1,1
BRDA:275,34,0,0
BRDA:275,34,1,1
BRDA:275,35,0,1
BRDA:275,35,1,1
BRDA:281,36,0,1
BRDA:281,36,1,1
BRDA:286,37,0,0
BRDA:286,37,1,1
BRDA:304,38,0,0
BRDA:304,38,1,0
BRDA:307,39,0,0
BRDA:307,39,1,0
BRDA:314,40,0,0
BRDA:314,40,1,0
BRDA:315,41,0,0
BRDA:315,41,1,0
BRDA:331,42,0,0
BRDA:331,42,1,0
BRDA:336,43,0,0
BRDA:336,43,1,0
BRDA:341,44,0,0
BRDA:341,44,1,0
BRDA:354,45,0,0
BRDA:354,45,1,0
BRDA:378,46,0,0
BRDA:378,46,1,0
BRDA:378,47,0,0
BRDA:378,47,1,0
BRDA:387,48,0,0
BRDA:387,48,1,0
BRDA:420,49,0,0
BRDA:420,49,1,0
BRDA:426,50,0,0
BRDA:426,50,1,0
BRDA:442,51,0,0
BRDA:442,51,1,0
BRDA:452,52,0,0
BRDA:452,52,1,0
BRDA:460,53,0,0
BRDA:460,53,1,0
BRDA:461,54,0,0
BRDA:461,54,1,0
BRDA:465,55,0,0
BRDA:465,55,1,0
BRDA:480,56,0,0
BRDA:480,56,1,0
BRDA:488,57,0,0
BRDA:488,57,1,0
BRDA:498,58,0,0
BRDA:498,58,1,0
BRDA:498,59,0,0
BRDA:498,59,1,0
BRDA:506,60,0,0
BRDA:506,60,1,0
BRDA:516,61,0,0
BRDA:516,61,1,0
BRDA:532,62,0,0
BRDA:532,62,1,0
BRDA:544,63,0,0
BRDA:544,63,1,0
BRDA:544,64,0,0
BRDA:544,64,1,0
BRDA:559,65,0,0
BRDA:559,65,1,0
BRDA:571,66,0,0
BRDA:571,66,1,0
BRDA:597,67,0,0
BRDA:597,67,1,0
BRDA:608,68,0,0
BRDA:608,68,1,0
BRDA:609,69,0,0
BRDA:609,69,1,0
BRDA:642,70,0,0
BRDA:642,70,1,0
BRDA:647,71,0,0
BRDA:647,71,1,0
BRDA:649,72,0,0
BRDA:649,72,1,0
BRDA:653,73,0,0
BRDA:653,73,1,0
BRDA:660,74,0,0
BRDA:660,74,1,0
BRDA:663,75,0,0
BRDA:663,75,1,0
BRDA:669,76,0,0
BRDA:669,76,1,0
BRDA:679,77,0,0
BRDA:679,77,1,0
BRDA:682,78,0,0
BRDA:682,78,1,0
BRDA:704,79,0,0
BRDA:704,79,1,0
BRDA:714,80,0,0
BRDA:714,80,1,0
BRDA:718,81,0,0
BRDA:718,81,1,0
BRDA:733,82,0,0
BRDA:733,82,1,0
BRDA:742,83,0,0
BRDA:742,83,1,0
BRDA:753,84,0,0
BRDA:753,84,1,0
BRDA:771,85,0,0
BRDA:771,85,1,0
BRDA:777,86,0,0
BRDA:777,86,1,0
BRDA:801,87,0,0
BRDA:801,87,1,0
BRDA:811,88,0,0
BRDA:811,88,1,0
BRDA:812,89,0,0
BRDA:812,89,1,0
BRDA:831,90,0,0
BRDA:831,90,1,0
BRDA:851,91,0,0
BRDA:851,91,1,0
BRDA:885,92,0,0
BRDA:885,92,1,0
BRDA:888,93,0,0
BRDA:888,93,1,0
BRDA:888,94,0,0
BRDA:888,94,1,0
BRDA:902,95,0,0
BRDA:902,95,1,0
BRDA:908,96,0,0
BRDA:908,96,1,0
BRDA:909,97,0,0
BRDA:909,97,1,0
BRDA:910,98,0,0
BRDA:910,98,1,0
BRDA:911,99,0,0
BRDA:911,99,1,0
BRDA:912,100,0,0
BRDA:912,100,1,0
BRDA:913,101,0,0
BRDA:913,101,1,0
BRDA:921,102,0,0
BRDA:921,102,1,0
BRDA:922,103,0,0
BRDA:922,103,1,0
BRDA:923,104,0,0
BRDA:923,104,1,0
BRDA:924,105,0,0
BRDA:924,105,1,0
BRDA:931,106,0,0
BRDA:931,106,1,0
BRDA:931,107,0,0
BRDA:931,107,1,0
BRF:216
BRH:38
end_of_record
TN:
SF:apps/service/src/schema/builder.ts
FN:30,(anonymous_0)
FN:32,(anonymous_1)
FN:35,(anonymous_2)
FN:49,(anonymous_3)
FNF:4
FNH:2
FNDA:1,(anonymous_0)
FNDA:0,(anonymous_1)
FNDA:3,(anonymous_2)
FNDA:0,(anonymous_3)
DA:16,1
DA:26,1
DA:27,1
DA:29,1
DA:30,1
DA:32,0
DA:36,3
DA:37,1
DA:41,2
DA:47,1
DA:49,1
DA:50,0
DA:51,0
DA:55,0
DA:56,0
LF:15
LH:10
BRDA:36,0,0,1
BRDA:36,0,1,2
BRDA:50,1,0,0
BRDA:50,1,1,0
BRDA:55,2,0,0
BRDA:55,2,1,0
BRF:6
BRH:2
end_of_record
TN:
SF:apps/service/src/schema/football.ts
FN:22,(anonymous_0)
FN:30,(anonymous_1)
FN:43,(anonymous_2)
FN:50,(anonymous_3)
FN:57,(anonymous_4)
FN:68,(anonymous_5)
FN:71,(anonymous_6)
FN:77,(anonymous_7)
FN:79,(anonymous_8)
FN:80,(anonymous_9)
FN:85,(anonymous_10)
FN:92,(anonymous_11)
FN:99,(anonymous_12)
FN:106,(anonymous_13)
FN:118,(anonymous_14)
FN:126,(anonymous_15)
FN:136,(anonymous_16)
FN:144,(anonymous_17)
FN:147,(anonymous_18)
FN:153,(anonymous_19)
FN:160,(anonymous_20)
FN:165,(anonymous_21)
FN:170,(anonymous_22)
FN:174,(anonymous_23)
FN:182,(anonymous_24)
FN:186,(anonymous_25)
FN:194,(anonymous_26)
FN:210,(anonymous_27)
FN:214,(anonymous_28)
FN:219,(anonymous_29)
FN:226,(anonymous_30)
FN:234,(anonymous_31)
FN:242,(anonymous_32)
FN:249,(anonymous_33)
FN:255,(anonymous_34)
FN:263,(anonymous_35)
FN:280,(anonymous_36)
FN:283,(anonymous_37)
FN:291,(anonymous_38)
FN:292,(anonymous_39)
FN:296,(anonymous_40)
FN:312,(anonymous_41)
FN:324,(anonymous_42)
FN:327,(anonymous_43)
FN:333,(anonymous_44)
FN:339,(anonymous_45)
FN:350,(anonymous_46)
FN:353,(anonymous_47)
FN:362,(anonymous_48)
FN:370,(anonymous_49)
FN:373,(anonymous_50)
FN:377,(anonymous_51)
FN:385,(anonymous_52)
FN:391,(anonymous_53)
FN:398,(anonymous_54)
FN:405,(anonymous_55)
FN:412,(anonymous_56)
FN:426,(anonymous_57)
FN:431,(anonymous_58)
FN:439,(anonymous_59)
FN:456,(anonymous_60)
FN:456,(anonymous_61)
FN:458,(anonymous_62)
FN:469,(anonymous_63)
FN:472,(anonymous_64)
FN:478,(anonymous_65)
FN:485,(anonymous_66)
FN:487,(anonymous_67)
FN:501,(anonymous_68)
FN:509,(anonymous_69)
FN:515,(anonymous_70)
FN:522,(anonymous_71)
FN:538,(anonymous_72)
FN:546,(anonymous_73)
FNF:74
FNH:33
FNDA:1,(anonymous_0)
FNDA:0,(anonymous_1)
FNDA:1,(anonymous_2)
FNDA:1,(anonymous_3)
FNDA:0,(anonymous_4)
FNDA:0,(anonymous_5)
FNDA:0,(anonymous_6)
FNDA:0,(anonymous_7)
FNDA:0,(anonymous_8)
FNDA:0,(anonymous_9)
FNDA:1,(anonymous_10)
FNDA:0,(anonymous_11)
FNDA:1,(anonymous_12)
FNDA:0,(anonymous_13)
FNDA:1,(anonymous_14)
FNDA:0,(anonymous_15)
FNDA:1,(anonymous_16)
FNDA:0,(anonymous_17)
FNDA:0,(anonymous_18)
FNDA:1,(anonymous_19)
FNDA:1,(anonymous_20)
FNDA:1,(anonymous_21)
FNDA:0,(anonymous_22)
FNDA:0,(anonymous_23)
FNDA:1,(anonymous_24)
FNDA:0,(anonymous_25)
FNDA:0,(anonymous_26)
FNDA:0,(anonymous_27)
FNDA:0,(anonymous_28)
FNDA:0,(anonymous_29)
FNDA:0,(anonymous_30)
FNDA:0,(anonymous_31)
FNDA:0,(anonymous_32)
FNDA:0,(anonymous_33)
FNDA:0,(anonymous_34)
FNDA:1,(anonymous_35)
FNDA:1,(anonymous_36)
FNDA:0,(anonymous_37)
FNDA:0,(anonymous_38)
FNDA:0,(anonymous_39)
FNDA:0,(anonymous_40)
FNDA:1,(anonymous_41)
FNDA:1,(anonymous_42)
FNDA:1,(anonymous_43)
FNDA:1,(anonymous_44)
FNDA:1,(anonymous_45)
FNDA:1,(anonymous_46)
FNDA:0,(anonymous_47)
FNDA:1,(anonymous_48)
FNDA:1,(anonymous_49)
FNDA:0,(anonymous_50)
FNDA:1,(anonymous_51)
FNDA:1,(anonymous_52)
FNDA:1,(anonymous_53)
FNDA:0,(anonymous_54)
FNDA:1,(anonymous_55)
FNDA:0,(anonymous_56)
FNDA:0,(anonymous_57)
FNDA:1,(anonymous_58)
FNDA:0,(anonymous_59)
FNDA:0,(anonymous_60)
FNDA:0,(anonymous_61)
FNDA:0,(anonymous_62)
FNDA:1,(anonymous_63)
FNDA:0,(anonymous_64)
FNDA:1,(anonymous_65)
FNDA:1,(anonymous_66)
FNDA:1,(anonymous_67)
FNDA:1,(anonymous_68)
FNDA:0,(anonymous_69)
FNDA:1,(anonymous_70)
FNDA:0,(anonymous_71)
FNDA:1,(anonymous_72)
FNDA:0,(anonymous_73)
DA:10,1
DA:11,1
DA:12,1
DA:13,1
DA:14,1
DA:15,1
DA:18,1
DA:19,1
DA:21,1
DA:22,1
DA:31,0
DA:32,0
DA:33,0
DA:35,0
DA:42,1
DA:43,1
DA:49,1
DA:50,1
DA:58,0
DA:59,0
DA:60,0
DA:62,0
DA:70,0
DA:71,0
DA:72,0
DA:75,0
DA:77,0
DA:79,0
DA:80,0
DA:85,1
DA:92,0
DA:98,1
DA:99,1
DA:107,0
DA:108,0
DA:109,0
DA:111,0
DA:119,1
DA:120,1
DA:121,1
DA:126,0
DA:135,1
DA:136,1
DA:144,0
DA:148,0
DA:149,0
DA:154,1
DA:155,1
DA:161,1
DA:165,1
DA:171,0
DA:172,0
DA:173,0
DA:174,0
DA:181,1
DA:182,1
DA:187,0
DA:188,0
DA:189,0
DA:195,0
DA:196,0
DA:197,0
DA:198,0
DA:199,0
DA:210,0
DA:214,0
DA:220,0
DA:221,0
DA:227,0
DA:228,0
DA:235,0
DA:236,0
DA:237,0
DA:242,0
DA:250,0
DA:256,0
DA:262,1
DA:263,1
DA:279,1
DA:280,1
DA:283,0
DA:291,0
DA:292,0
DA:298,0
DA:299,0
DA:300,0
DA:301,0
DA:304,0
DA:311,1
DA:312,1
DA:324,1
DA:325,1
DA:328,1
DA:333,1
DA:334,1
DA:340,1
DA:341,0
DA:343,1
DA:344,1
DA:345,1
DA:350,1
DA:351,1
DA:354,0
DA:359,1
DA:361,1
DA:362,1
DA:370,1
DA:371,1
DA:373,0
DA:377,1
DA:378,1
DA:386,1
DA:391,1
DA:392,1
DA:399,0
DA:400,0
DA:405,1
DA:406,1
DA:414,0
DA:415,0
DA:417,0
DA:419,0
DA:421,0
DA:426,0
DA:431,1
DA:432,1
DA:440,0
DA:442,0
DA:443,0
DA:445,0
DA:447,0
DA:449,0
DA:454,0
DA:455,0
DA:456,0
DA:458,0
DA:462,0
DA:464,0
DA:469,1
DA:470,1
DA:473,0
DA:478,1
DA:479,1
DA:486,1
DA:487,1
DA:488,1
DA:489,1
DA:490,1
DA:496,1
DA:501,1
DA:502,1
DA:510,0
DA:515,1
DA:516,1
DA:524,0
DA:525,0
DA:527,0
DA:529,0
DA:533,0
DA:538,1
DA:539,1
DA:548,0
DA:549,0
DA:551,0
DA:554,0
DA:555,0
DA:558,0
DA:562,0
LF:168
LH:75
BRDA:33,0,0,0
BRDA:33,0,1,0
BRDA:35,1,0,0
BRDA:35,1,1,0
BRDA:60,2,0,0
BRDA:60,2,1,0
BRDA:62,3,0,0
BRDA:62,3,1,0
BRDA:72,4,0,0
BRDA:72,4,1,0
BRDA:92,5,0,0
BRDA:92,5,1,0
BRDA:109,6,0,0
BRDA:109,6,1,0
BRDA:111,7,0,0
BRDA:111,7,1,0
BRDA:119,8,0,0
BRDA:119,8,1,1
BRDA:144,9,0,0
BRDA:144,9,1,0
BRDA:149,10,0,0
BRDA:149,10,1,0
BRDA:155,11,0,1
BRDA:155,11,1,0
BRDA:172,12,0,0
BRDA:172,12,1,0
BRDA:187,13,0,0
BRDA:187,13,1,0
BRDA:189,14,0,0
BRDA:189,14,1,0
BRDA:195,15,0,0
BRDA:195,15,1,0
BRDA:197,16,0,0
BRDA:197,16,1,0
BRDA:199,17,0,0
BRDA:199,17,1,0
BRDA:235,18,0,0
BRDA:235,18,1,0
BRDA:283,19,0,0
BRDA:283,19,1,0
BRDA:291,20,0,0
BRDA:291,20,1,0
BRDA:292,21,0,0
BRDA:292,21,1,0
BRDA:298,22,0,0
BRDA:298,22,1,0
BRDA:301,23,0,0
BRDA:301,23,1,0
BRDA:304,24,0,0
BRDA:304,24,1,0
BRDA:340,25,0,0
BRDA:340,25,1,1
BRDA:344,26,0,0
BRDA:344,26,1,1
BRDA:386,27,0,1
BRDA:386,27,1,0
BRDA:415,28,0,0
BRDA:415,28,1,0
BRDA:419,29,0,0
BRDA:419,29,1,0
BRDA:440,30,0,0
BRDA:440,30,1,0
BRDA:440,31,0,0
BRDA:440,31,1,0
BRDA:443,32,0,0
BRDA:443,32,1,0
BRDA:447,33,0,0
BRDA:447,33,1,0
BRDA:454,34,0,0
BRDA:454,34,1,0
BRDA:455,35,0,0
BRDA:455,35,1,0
BRDA:462,36,0,0
BRDA:462,36,1,0
BRDA:554,37,0,0
BRDA:554,37,1,0
BRDA:554,38,0,0
BRDA:554,38,1,0
BRF:78
BRH:5
end_of_record
TN:
SF:apps/service/src/services/auth.service.ts
FN:33,evictExpired
FN:46,resolveDomainUser
FN:85,(anonymous_2)
FN:100,invalidateDomainUserCache
FN:108,toWebHeaders
FNF:5
FNH:3
FNDA:0,evictExpired
FNDA:8,resolveDomainUser
FNDA:0,(anonymous_2)
FNDA:1,invalidateDomainUserCache
FNDA:4,toWebHeaders
DA:23,6
DA:24,6
DA:31,6
DA:34,0
DA:35,0
DA:36,0
DA:37,0
DA:48,8
DA:49,8
DA:50,2
DA:54,6
DA:65,6
DA:66,1
DA:70,5
DA:71,5
DA:79,8
DA:80,0
DA:83,5
DA:84,0
DA:85,0
DA:88,5
DA:93,5
DA:101,1
DA:109,4
DA:110,4
DA:111,5
DA:112,4
DA:115,4
LF:28
LH:21
BRDA:36,0,0,0
BRDA:36,0,1,0
BRDA:49,1,0,2
BRDA:49,1,1,6
BRDA:49,2,0,8
BRDA:49,2,1,2
BRDA:65,3,0,1
BRDA:65,3,1,5
BRDA:75,4,0,4
BRDA:75,4,1,1
BRDA:79,5,0,0
BRDA:79,5,1,8
BRDA:83,6,0,0
BRDA:83,6,1,5
BRDA:111,7,0,4
BRDA:111,7,1,1
BRDA:112,8,0,1
BRDA:112,8,1,3
BRF:18
BRH:14
end_of_record
TN:
SF:apps/service/src/services/gfx.service.ts
FN:17,(anonymous_0)
FNF:1
FNH:1
FNDA:1,(anonymous_0)
DA:7,1
DA:10,1
DA:18,2
DA:20,2
DA:22,2
DA:23,2
DA:24,2
DA:27,2
DA:28,2
DA:31,2
DA:35,2
DA:36,1
DA:43,1
DA:44,0
DA:49,2
DA:58,2
DA:60,0
DA:64,0
LF:18
LH:15
BRDA:17,0,0,2
BRDA:18,1,0,0
BRDA:18,1,1,2
BRDA:18,2,0,2
BRDA:18,2,1,2
BRDA:24,3,0,2
BRDA:24,3,1,0
BRDA:28,4,0,2
BRDA:28,4,1,0
BRDA:35,5,0,1
BRDA:35,5,1,1
BRDA:35,6,0,2
BRDA:35,6,1,2
BRDA:43,7,0,0
BRDA:43,7,1,1
BRDA:43,8,0,1
BRDA:43,8,1,0
BRF:17
BRH:12
end_of_record
TN:
SF:apps/service/src/services/graphics.service.ts
FN:19,(anonymous_0)
FN:63,(anonymous_1)
FN:81,(anonymous_2)
FNF:3
FNH:2
FNDA:3,(anonymous_0)
FNDA:2,(anonymous_1)
FNDA:0,(anonymous_2)
DA:9,4
DA:20,3
DA:22,3
DA:23,1
DA:24,1
DA:27,3
DA:28,3
DA:32,3
DA:35,1
DA:53,1
DA:55,2
DA:56,2
DA:64,2
DA:74,2
DA:76,1
DA:82,0
DA:85,0
DA:86,0
DA:87,0
DA:88,0
DA:89,0
DA:90,0
DA:91,0
DA:92,0
DA:93,0
DA:94,0
DA:95,0
DA:96,0
DA:97,0
DA:99,0
DA:102,0
DA:103,0
DA:104,0
DA:107,0
DA:111,4
LF:35
LH:16
BRDA:24,0,0,1
BRDA:24,0,1,0
BRDA:74,1,0,1
BRDA:74,1,1,1
BRDA:85,2,0,0
BRDA:85,2,1,0
BRDA:87,3,0,0
BRDA:87,3,1,0
BRDA:88,4,0,0
BRDA:88,4,1,0
BRDA:90,5,0,0
BRDA:90,5,1,0
BRDA:91,6,0,0
BRDA:91,6,1,0
BRDA:93,7,0,0
BRDA:93,7,1,0
BRDA:94,8,0,0
BRDA:94,8,1,0
BRDA:96,9,0,0
BRDA:96,9,1,0
BRDA:99,10,0,0
BRDA:99,10,1,0
BRDA:102,11,0,0
BRDA:102,11,1,0
BRF:24
BRH:3
end_of_record
TN:
SF:apps/service/src/services/log.service.ts
FN:6,(anonymous_0)
FN:14,(anonymous_1)
FN:41,(anonymous_2)
FN:64,(anonymous_3)
FN:74,(anonymous_4)
FN:78,(anonymous_5)
FN:82,(anonymous_6)
FNF:7
FNH:5
FNDA:10,(anonymous_0)
FNDA:0,(anonymous_1)
FNDA:0,(anonymous_2)
FNDA:10,(anonymous_3)
FNDA:10,(anonymous_4)
FNDA:10,(anonymous_5)
FNDA:10,(anonymous_6)
DA:6,10
DA:7,10
DA:8,10
DA:9,10
DA:13,10
DA:15,0
DA:16,0
DA:19,0
DA:20,0
DA:21,0
DA:23,0
DA:24,0
DA:27,0
DA:28,0
DA:29,0
DA:30,0
DA:31,0
DA:32,0
DA:33,0
DA:34,0
DA:36,0
DA:42,0
DA:45,0
DA:51,10
DA:65,3
DA:66,1
DA:67,2
DA:68,1
DA:70,1
DA:75,1
DA:79,1
DA:83,1
LF:32
LH:14
BRDA:6,0,0,10
BRDA:6,0,1,10
BRDA:20,1,0,0
BRDA:20,1,1,0
BRDA:20,2,0,0
BRDA:20,2,1,0
BRDA:23,3,0,0
BRDA:23,3,1,0
BRDA:24,4,0,0
BRDA:24,4,1,0
BRDA:34,5,0,0
BRDA:34,5,1,0
BRDA:65,6,0,1
BRDA:65,6,1,2
BRDA:67,7,0,1
BRDA:67,7,1,1
BRF:16
BRH:6
end_of_record
TN:
SF:apps/service/src/utils/idUtils.ts
FN:11,generateId
FN:16,generateDeterministicId
FN:26,(anonymous_2)
FN:45,calculateHash
FN:55,generateContentId
FN:61,generateIdWithPrefix
FNF:6
FNH:6
FNDA:151,generateId
FNDA:7,generateDeterministicId
FNDA:84,(anonymous_2)
FNDA:7,calculateHash
FNDA:2,generateContentId
FNDA:1,generateIdWithPrefix
DA:6,1
DA:9,1
DA:12,151
DA:18,7
DA:19,7
DA:20,163
DA:21,163
DA:22,163
DA:26,7
DA:27,84
DA:28,84
DA:32,7
DA:33,7
DA:34,7
DA:35,84
DA:36,84
DA:37,84
DA:38,84
DA:41,7
DA:46,7
DA:47,7
DA:48,7
DA:56,2
DA:57,2
DA:62,1
LF:25
LH:25
BRF:0
BRH:0
end_of_record
TN:
SF:apps/web/src/hooks/useDeltaSync.ts
FN:6,useDeltaSync
FN:11,(anonymous_1)
FN:33,(anonymous_2)
FN:35,(anonymous_3)
FN:46,(anonymous_4)
FN:62,(anonymous_5)
FN:74,(anonymous_6)
FNF:7
FNH:5
FNDA:4,useDeltaSync
FNDA:2,(anonymous_1)
FNDA:2,(anonymous_2)
FNDA:1,(anonymous_3)
FNDA:0,(anonymous_4)
FNDA:0,(anonymous_5)
FNDA:1,(anonymous_6)
DA:7,4
DA:8,4
DA:9,4
DA:11,4
DA:12,2
DA:13,2
DA:15,2
DA:17,2
DA:18,2
DA:19,2
DA:22,2
DA:28,2
DA:30,2
DA:33,2
DA:34,2
DA:35,1
DA:45,2
DA:46,0
DA:61,2
DA:62,0
DA:72,2
DA:73,2
DA:74,1
DA:75,1
DA:79,1
DA:87,0
DA:88,0
DA:90,2
DA:94,4
LF:29
LH:25
BRDA:19,0,0,2
BRDA:19,0,1,1
BRDA:28,1,0,0
BRDA:28,1,1,2
BRDA:34,2,0,1
BRDA:34,2,1,1
BRDA:45,3,0,0
BRDA:45,3,1,2
BRDA:51,4,0,0
BRDA:51,4,1,0
BRDA:61,5,0,0
BRDA:61,5,1,2
BRDA:65,6,0,0
BRDA:65,6,1,0
BRDA:66,7,0,0
BRDA:66,7,1,0
BRDA:72,8,0,2
BRDA:72,8,1,0
BRDA:72,9,0,2
BRDA:72,9,1,0
BRDA:73,10,0,1
BRDA:73,10,1,1
BRDA:75,11,0,1
BRDA:75,11,1,0
BRDA:76,12,0,1
BRDA:76,12,1,1
BRDA:88,13,0,0
BRDA:88,13,1,0
BRF:28
BRH:14
end_of_record
TN:
SF:apps/web/src/logic/dataCompiler.ts
FN:21,compileStandings
FN:45,(anonymous_1)
FN:51,(anonymous_2)
FN:59,(anonymous_3)
FN:60,(anonymous_4)
FN:64,(anonymous_5)
FN:64,(anonymous_6)
FN:94,(anonymous_7)
FN:99,(anonymous_8)
FN:100,(anonymous_9)
FN:107,(anonymous_10)
FN:118,(anonymous_11)
FN:124,(anonymous_12)
FN:127,(anonymous_13)
FN:151,(anonymous_14)
FN:152,(anonymous_15)
FNF:16
FNH:16
FNDA:13,compileStandings
FNDA:39,(anonymous_1)
FNDA:23,(anonymous_2)
FNDA:39,(anonymous_3)
FNDA:19,(anonymous_4)
FNDA:23,(anonymous_5)
FNDA:22,(anonymous_6)
FNDA:39,(anonymous_7)
FNDA:46,(anonymous_8)
FNDA:44,(anonymous_9)
FNDA:35,(anonymous_10)
FNDA:46,(anonymous_11)
FNDA:6,(anonymous_12)
FNDA:1,(anonymous_13)
FNDA:42,(anonymous_14)
FNDA:39,(anonymous_15)
DA:36,13
DA:38,13
DA:43,13
DA:45,13
DA:46,39
DA:47,39
DA:51,13
DA:52,23
DA:53,23
DA:54,23
DA:55,23
DA:59,13
DA:60,39
DA:64,23
DA:65,22
DA:67,22
DA:68,22
DA:69,22
DA:71,22
DA:72,20
DA:73,20
DA:74,20
DA:76,22
DA:77,19
DA:78,19
DA:79,19
DA:82,22
DA:83,15
DA:84,15
DA:85,7
DA:86,4
DA:87,4
DA:89,3
DA:90,3
DA:94,13
DA:95,39
DA:96,39
DA:98,39
DA:99,46
DA:101,44
DA:102,38
DA:103,34
DA:107,39
DA:108,35
DA:109,35
DA:110,35
DA:111,35
DA:112,35
DA:113,13
DA:115,35
DA:118,39
DA:119,46
DA:123,39
DA:124,39
DA:127,39
DA:128,39
DA:130,39
DA:151,42
DA:152,13
DA:153,39
DA:154,39
DA:155,37
DA:156,1
DA:159,13
LF:64
LH:64
BRDA:24,0,0,13
BRDA:27,1,0,13
BRDA:32,2,0,13
BRDA:33,3,0,13
BRDA:34,4,0,13
BRDA:35,5,0,13
BRDA:54,6,0,23
BRDA:54,6,1,0
BRDA:55,7,0,23
BRDA:55,7,1,0
BRDA:65,8,0,0
BRDA:65,8,1,22
BRDA:65,9,0,22
BRDA:65,9,1,22
BRDA:69,10,0,0
BRDA:69,10,1,22
BRDA:69,11,0,22
BRDA:69,11,1,22
BRDA:71,12,0,20
BRDA:71,12,1,2
BRDA:76,13,0,19
BRDA:76,13,1,3
BRDA:82,14,0,15
BRDA:82,14,1,7
BRDA:83,15,0,14
BRDA:83,15,1,1
BRDA:84,16,0,12
BRDA:84,16,1,3
BRDA:85,17,0,4
BRDA:85,17,1,3
BRDA:86,18,0,4
BRDA:86,18,1,0
BRDA:87,19,0,3
BRDA:87,19,1,1
BRDA:89,20,0,3
BRDA:89,20,1,0
BRDA:90,21,0,3
BRDA:90,21,1,0
BRDA:96,22,0,39
BRDA:96,22,1,0
BRDA:101,23,0,6
BRDA:101,23,1,38
BRDA:102,24,0,4
BRDA:102,24,1,34
BRDA:109,25,0,18
BRDA:109,25,1,17
BRDA:109,26,0,18
BRDA:109,26,1,3
BRDA:109,27,0,17
BRDA:109,27,1,10
BRDA:110,28,0,18
BRDA:110,28,1,17
BRDA:110,29,0,18
BRDA:110,29,1,12
BRDA:110,30,0,17
BRDA:110,30,1,4
BRDA:112,31,0,16
BRDA:112,31,1,19
BRDA:112,32,0,13
BRDA:112,32,1,6
BRDA:118,33,0,39
BRDA:118,33,1,39
BRDA:119,34,0,46
BRDA:119,34,1,2
BRDA:124,35,0,39
BRDA:124,35,1,33
BRDA:127,36,0,30
BRDA:127,36,1,9
BRDA:147,37,0,30
BRDA:147,37,1,9
BRDA:154,38,0,1
BRDA:154,38,1,38
BRDA:154,39,0,1
BRDA:154,39,1,37
BRDA:155,40,0,1
BRDA:155,40,1,36
BRF:76
BRH:68
end_of_record
TN:
SF:apps/web/src/logic/formulas.ts
FN:26,(anonymous_0)
FN:27,(anonymous_1)
FN:28,(anonymous_2)
FN:29,(anonymous_3)
FN:30,(anonymous_4)
FN:31,(anonymous_5)
FN:32,(anonymous_6)
FN:35,(anonymous_7)
FN:61,compareByCriteria
FNF:9
FNH:9
FNDA:2,(anonymous_0)
FNDA:46,(anonymous_1)
FNDA:24,(anonymous_2)
FNDA:14,(anonymous_3)
FNDA:1,(anonymous_4)
FNDA:4,(anonymous_5)
FNDA:4,(anonymous_6)
FNDA:4,(anonymous_7)
FNDA:45,compareByCriteria
DA:25,2
DA:26,2
DA:27,46
DA:28,24
DA:29,14
DA:30,1
DA:32,4
DA:33,4
DA:35,4
DA:37,4
DA:39,2
DA:40,2
DA:42,2
DA:43,3
DA:45,2
DA:46,1
DA:47,1
DA:48,1
DA:49,1
DA:50,0
DA:52,0
DA:53,0
DA:57,2
DA:67,45
DA:68,82
DA:69,82
DA:70,1
DA:71,1
DA:74,81
DA:75,81
DA:78,14
LF:31
LH:28
BRDA:33,0,0,4
BRDA:33,0,1,3
BRDA:33,0,2,1
BRDA:33,0,3,1
BRDA:37,1,0,2
BRDA:37,1,1,2
BRDA:43,2,0,1
BRDA:43,2,1,2
BRDA:43,3,0,3
BRDA:43,3,1,2
BRDA:45,4,0,1
BRDA:45,4,1,1
BRDA:48,5,0,1
BRDA:48,5,1,0
BRDA:49,6,0,1
BRDA:49,6,1,0
BRDA:52,7,0,0
BRDA:52,7,1,0
BRDA:69,8,0,1
BRDA:69,8,1,81
BRDA:75,9,0,31
BRDA:75,9,1,50
BRF:22
BRH:18
end_of_record
